-------------------------------------------------------------------------------
Test set: TestSuite
-------------------------------------------------------------------------------
Tests run: 12, Failures: 1, Errors: 0, Skipped: 0, Time elapsed: 99.603 s <<< FAILURE! - in TestSuite
test09_verifyTotalPriceDB(sanity.SauceDemoWeb)  Time elapsed: 2.926 s  <<< FAILURE!
java.lang.NullPointerException
	at sanity.SauceDemoWeb.test09_verifyTotalPriceDB(SauceDemoWeb.java:98)

